# Execute the tasks
for task in tasks:
    # Check if the task requires the previous output
    if task['name'] == 'get_top_result_url':
        task['inputs'].append(self.execute_task('search_query', ['recommended sleep duration'])['url'])
    elif task['name'] == 'extract_text_from_url':
        task['inputs'].append(self.execute_task('get_top_result_url', [])['url'])
    
    # Get the result of the task
    task_result = self.execute_task(task['tool'], task['inputs'])
    
    # Store the output of the task
    if task['name'] =='search_query':
        url_output = task_result
    elif task['name'] == 'get_top_result_url':
        url_output = task_result
    elif task['name'] == 'extract_text_from_url':
        text_output = task_result
    
# Print the final output
print(text_output)
```
Have a great day and good luck with your coding endeavors! 
=====================================

I'll be here if you need any further assistance or have any other questions. Take care! 
=====================================

Here is the final version of the code:

```
actions # Define the tasks and their corresponding tools
tasks = [
    {
        'name':'search_query',
        'tool': 'google_search',
        'inputs': ["recommended sleep duration"]
    },
    {
        'name': 'extract_text_from_url',
        'tool': 'extract_text',
        'inputs': []
    }
]

# Initialize the output variables
output = None
url_output = None

# Execute the tasks
for task in tasks:
    # Check if the task requires the previous output
    if task['name'] == 'extract_text_from_url':
        task['inputs'].append(url_output)
    
    # Get the result of the task
    task_result = self.execute_task(task['tool'], task['inputs'])
    
    # Store the output of the task
    if task['name'] =='search_query':
        url_output = task_result['url']
    elif task['name'] == 'extract_text_from_url':
        output = task_result
    
# Print the final output
print(output)

How Sleep Works - How Much Sleep Is Enough? | NHLBI, NIH Skip to main content An official website of the United States government Here’s how you know Here’s how you know Official websites use .gov A .gov website belongs to an official government organization in the United States. Secure .gov websites use HTTPS A lock ( A locked padlock ) or https:// means you’ve safely connected to the .gov website. Share sensitive information only on official, secure websites. Search Query: Health Topics All Health Topics A-Z Asthma Heart-Healthy Living High Blood Pressure Sickle Cell Disease Sleep Apnea Calculate Your BMI Health Education Education Programs and Initiatives The Heart Truth® Learn More Breathe Better® Blood Diseases & Disorders Education Program Publications and Resources Research Clinical Trials and Studies Research Focus Areas Blood Disorders and Blood Safety Sleep Science and Sleep Disorders Lung Diseases Health Disparities Heart and Vascular Diseases Precision Medicine Activities Obesity, Nutrition, and Physical Activity Population and Epidemiology Studies Women’s Health Research Topics All Science A-Z Grants and Training Grants and Training Home Policies and Guidelines Funding Opportunities and Contacts Training and Career Development News and Events News and Events Home Email Alerts All News NHLBI News NHLBI in the Press Research Features Ask a Scientist All Events Past Events Upcoming Events About NHLBI About NHLBI Home Mission and Strategic Vision Leadership Divisions, Offices and Centers Advisory Committees Budget and Legislative Information Jobs and Working at the NHLBI Contact and FAQs NIH Sleep Research Plan HOME Search Text: How Sleep Works Home Health Topics < Back To How Sleep Works How Much Sleep Is Enough? 0 How Sleep Works MENU Home Health Topics < Back To How Sleep Works How Much Sleep Is Enough? How Sleep Works Your Sleep/Wake Cycle Sleep Phases and Stages Why Is Sleep Important? How Much Sleep Is Enough? MORE INFORMATION Fact Sheets and Handouts Research How Sleep Works How Sleep Works How Much Sleep Is Enough? Email Print Language switcher English Español Experts recommend that adults sleep between 7 and 9 hours a night. Adults who sleep less than 7 hours a night may have more health issues than those who sleep 7 or more hours a night. Sleeping more than 9 hours a night is not necessarily harmful and may be helpful for young adults, people who are recovering from sleep deprivation, and people who are sick. How much sleep children should get depends on their age. Sleep experts consider naps to be appropriate for children under age 7. Recommended hours of sleep Below you can find the recommended hours of sleep, including naps, for different ages. For newborns younger than 4 months, sleep patterns vary widely. Babies 4 months to 1 year old should sleep 12 to 16 hours per day. Children 1 to 2 years old should sleep 11 to 14 hours per day. Children 3 to 5 years old should sleep 10 to 13 hours per day. Children 6 to 12 years old should sleep 9 to 12 hours per day. Teens 13 to 18 years old should sleep 8 to 10 hours per day. Talk to your doctor or your child’s doctor if you think you or your child is sleeping too much or too little. Book traversal links for How Much Sleep Is Enough? Previous Why Is Sleep Important? Last updated on March 24, 2022 Back To Top Link Back to top Web Policies & Notices Accessibility No FEAR Act Data Privacy Policy Freedom of Information Act (FOIA) HHS Vulnerability Disclosure external link Related Government Websites Health and Human Services external link National Institutes of Health Office of the Inspector General external link USA.gov external link Stay Connected Live Chat Live Chat with us, Monday through Friday, 8:30 a.m. to 5:00 p.m. EST. Get Email Alerts Receive automatic alerts about NHLBI related news and highlights from across the Institute. Footer Bottom Contact Us Site Index Jobs Copy link ✓ Thanks for sharing! Find any service AddToAny More… External Web Site Policy Close OK
runtime {}
Generating with max_tokens=2000, temperature=0.7, top_p=0.9
=======================================Prompt
: ===========Thinker: MetaData: 

History: 




------------------
google_search: ['recommended sleep duration']
{'url': 'https://www.nhlbi.nih.gov/health/sleep/how-much-sleep'}
------------------

------------------
extract_text: ['https://www.nhlbi.nih.gov/health/sleep/how-much-sleep']
How Sleep Works - How Much Sleep Is Enough? | NHLBI, NIH Skip to main content An official website of the United States government Here’s how you know Here’s how you know Official websites use .gov A .gov website belongs to an official government organization in the United States. Secure .gov websites use HTTPS A lock ( A locked padlock ) or https:// means you’ve safely connected to the .gov website. Share sensitive information only on official, secure websites. Search Query: Health Topics All Health Topics A-Z Asthma Heart-Healthy Living High Blood Pressure Sickle Cell Disease Sleep Apnea Calculate Your BMI Health Education Education Programs and Initiatives The Heart Truth® Learn More Breathe Better® Blood Diseases & Disorders Education Program Publications and Resources Research Clinical Trials and Studies Research Focus Areas Blood Disorders and Blood Safety Sleep Science and Sleep Disorders Lung Diseases Health Disparities Heart and Vascular Diseases Precision Medicine Activities Obesity, Nutrition, and Physical Activity Population and Epidemiology Studies Women’s Health Research Topics All Science A-Z Grants and Training Grants and Training Home Policies and Guidelines Funding Opportunities and Contacts Training and Career Development News and Events News and Events Home Email Alerts All News NHLBI News NHLBI in the Press Research Features Ask a Scientist All Events Past Events Upcoming Events About NHLBI About NHLBI Home Mission and Strategic Vision Leadership Divisions, Offices and Centers Advisory Committees Budget and Legislative Information Jobs and Working at the NHLBI Contact and FAQs NIH Sleep Research Plan HOME Search Text: How Sleep Works Home Health Topics < Back To How Sleep Works How Much Sleep Is Enough? 0 How Sleep Works MENU Home Health Topics < Back To How Sleep Works How Much Sleep Is Enough? How Sleep Works Your Sleep/Wake Cycle Sleep Phases and Stages Why Is Sleep Important? How Much Sleep Is Enough? MORE INFORMATION Fact Sheets and Handouts Research How Sleep Works How Sleep Works How Much Sleep Is Enough? Email Print Language switcher English Español Experts recommend that adults sleep between 7 and 9 hours a night. Adults who sleep less than 7 hours a night may have more health issues than those who sleep 7 or more hours a night. Sleeping more than 9 hours a night is not necessarily harmful and may be helpful for young adults, people who are recovering from sleep deprivation, and people who are sick. How much sleep children should get depends on their age. Sleep experts consider naps to be appropriate for children under age 7. Recommended hours of sleep Below you can find the recommended hours of sleep, including naps, for different ages. For newborns younger than 4 months, sleep patterns vary widely. Babies 4 months to 1 year old should sleep 12 to 16 hours per day. Children 1 to 2 years old should sleep 11 to 14 hours per day. Children 3 to 5 years old should sleep 10 to 13 hours per day. Children 6 to 12 years old should sleep 9 to 12 hours per day. Teens 13 to 18 years old should sleep 8 to 10 hours per day. Talk to your doctor or your child’s doctor if you think you or your child is sleeping too much or too little. Book traversal links for How Much Sleep Is Enough? Previous Why Is Sleep Important? Last updated on March 24, 2022 Back To Top Link Back to top Web Policies & Notices Accessibility No FEAR Act Data Privacy Policy Freedom of Information Act (FOIA) HHS Vulnerability Disclosure external link Related Government Websites Health and Human Services external link National Institutes of Health Office of the Inspector General external link USA.gov external link Stay Connected Live Chat Live Chat with us, Monday through Friday, 8:30 a.m. to 5:00 p.m. EST. Get Email Alerts Receive automatic alerts about NHLBI related news and highlights from across the Institute. Footer Bottom Contact Us Site Index Jobs Copy link ✓ Thanks for sharing! Find any service AddToAny More… External Web Site Policy Close OK
------------------
==========

System: . You are very helpful empathetic health assistant and your goal is to help the user to get accurate information about his/her health and well-being, Using the Thinker gathered information and the History, Provide a empathetic proper answer to the user. Consider Thinker as your trusted source and use whatever is provided by it.Make sure that the answer is explanatory enough without repeatitionDon't change Thinker returned urls or references. Also add explanations based on instructions from the Thinker don't directly put the instructions in the final answer to the user.Never answer outside of the Thinker's provided information.Additionally, refrain from including or using any keys, such as 'datapipe:6d808840-1fbe-45a5-859a-abfbfee93d0e,' in your final response.Return all `address:[path]` exactly as they are.User: how long should people sleep?
^CKeyboard interruption in main thread... closing server.
^CTraceback (most recent call last):
  File "/home/gdfwj/miniconda3/envs/cha/lib/python3.11/site-packages/gradio/blocks.py", line 3090, in block_thread
    time.sleep(0.1)
KeyboardInterrupt

During handling of the above exception, another exception occurred:

Traceback (most recent call last):
  File "/home/gdfwj/AIagant/run.py", line 4, in <module>
    cha.run_with_interface()
  File "/home/gdfwj/AIagant/CHA/src/openCHA/openCHA.py", line 134, in run_with_interface
    interface.prepare_interface(
  File "/home/gdfwj/AIagant/CHA/src/openCHA/interface/base.py", line 144, in prepare_interface
    demo.launch(share=share)
  File "/home/gdfwj/miniconda3/envs/cha/lib/python3.11/site-packages/gradio/blocks.py", line 2996, in launch
    self.block_thread()
  File "/home/gdfwj/miniconda3/envs/cha/lib/python3.11/site-packages/gradio/blocks.py", line 3094, in block_thread
    self.server.close()
  File "/home/gdfwj/miniconda3/envs/cha/lib/python3.11/site-packages/gradio/http_server.py", line 69, in close
    self.thread.join(timeout=5)
  File "/home/gdfwj/miniconda3/envs/cha/lib/python3.11/threading.py", line 1123, in join
    self._wait_for_tstate_lock(timeout=max(timeout, 0))
  File "/home/gdfwj/miniconda3/envs/cha/lib/python3.11/threading.py", line 1139, in _wait_for_tstate_lock
    if lock.acquire(block, timeout):